SET
                                                                                                 QUERY PLAN                                                                                                  
-------------------------------------------------------------------------------------------------------------------------------------------------------------------------------------------------------------
 Finalize Aggregate  (cost=846746.06..846746.07 rows=1 width=24) (actual time=1770.623..1772.860 rows=1 loops=1)
   Output: count(*), sum((sqrt((abs(val))::double precision) + log(((val + 2))::double precision))), avg(atan2((val)::double precision, ((id % 100))::double precision))
   Buffers: shared hit=3328 read=217920
   ->  Gather  (cost=846745.83..846746.04 rows=2 width=48) (actual time=1770.433..1772.849 rows=3 loops=1)
         Output: (PARTIAL count(*)), (PARTIAL sum((sqrt((abs(val))::double precision) + log(((val + 2))::double precision)))), (PARTIAL avg(atan2((val)::double precision, ((id % 100))::double precision)))
         Workers Planned: 2
         Workers Launched: 2
         Buffers: shared hit=3328 read=217920
         ->  Partial Aggregate  (cost=845745.83..845745.84 rows=1 width=48) (actual time=1768.438..1768.438 rows=1 loops=3)
               Output: PARTIAL count(*), PARTIAL sum((sqrt((abs(val))::double precision) + log(((val + 2))::double precision))), PARTIAL avg(atan2((val)::double precision, ((id % 100))::double precision))
               Buffers: shared hit=3328 read=217920
               Worker 0:  actual time=1767.502..1767.504 rows=1 loops=1
                 Buffers: shared hit=1160 read=70720
               Worker 1:  actual time=1767.585..1767.586 rows=1 loops=1
                 Buffers: shared hit=972 read=73073
               ->  Parallel Seq Scan on public.t_huge  (cost=0.00..481657.98 rows=10402510 width=8) (actual time=0.035..859.510 rows=8333799 loops=3)
                     Output: id, val
                     Filter: (t_huge.val > 0)
                     Rows Removed by Filter: 8332867
                     Buffers: shared hit=3328 read=217920
                     Worker 0:  actual time=0.030..867.523 rows=8123475 loops=1
                       Buffers: shared hit=1160 read=70720
                     Worker 1:  actual time=0.036..857.806 rows=8368201 loops=1
                       Buffers: shared hit=972 read=73073
 Planning:
   Buffers: shared hit=74
 Planning Time: 0.346 ms
 Execution Time: 1772.923 ms
(28 rows)

실행 시간: 1.922346827초
