SET
                                                                                                 QUERY PLAN                                                                                                  
-------------------------------------------------------------------------------------------------------------------------------------------------------------------------------------------------------------
 Finalize Aggregate  (cost=846746.06..846746.07 rows=1 width=24) (actual time=1759.620..1761.654 rows=1 loops=1)
   Output: count(*), sum((sqrt((abs(val))::double precision) + log(((val + 2))::double precision))), avg(atan2((val)::double precision, ((id % 100))::double precision))
   Buffers: shared hit=3040 read=218208
   ->  Gather  (cost=846745.83..846746.04 rows=2 width=48) (actual time=1759.535..1761.645 rows=3 loops=1)
         Output: (PARTIAL count(*)), (PARTIAL sum((sqrt((abs(val))::double precision) + log(((val + 2))::double precision)))), (PARTIAL avg(atan2((val)::double precision, ((id % 100))::double precision)))
         Workers Planned: 2
         Workers Launched: 2
         Buffers: shared hit=3040 read=218208
         ->  Partial Aggregate  (cost=845745.83..845745.84 rows=1 width=48) (actual time=1757.171..1757.172 rows=1 loops=3)
               Output: PARTIAL count(*), PARTIAL sum((sqrt((abs(val))::double precision) + log(((val + 2))::double precision))), PARTIAL avg(atan2((val)::double precision, ((id % 100))::double precision))
               Buffers: shared hit=3040 read=218208
               Worker 0:  actual time=1755.722..1755.724 rows=1 loops=1
                 Buffers: shared hit=1039 read=72337
               Worker 1:  actual time=1756.470..1756.471 rows=1 loops=1
                 Buffers: shared hit=1000 read=72783
               ->  Parallel Seq Scan on public.t_huge  (cost=0.00..481657.98 rows=10402510 width=8) (actual time=0.041..852.218 rows=8333799 loops=3)
                     Output: id, val
                     Filter: (t_huge.val > 0)
                     Rows Removed by Filter: 8332867
                     Buffers: shared hit=3040 read=218208
                     Worker 0:  actual time=0.045..857.615 rows=8291833 loops=1
                       Buffers: shared hit=1039 read=72337
                     Worker 1:  actual time=0.035..847.519 rows=8340109 loops=1
                       Buffers: shared hit=1000 read=72783
 Planning:
   Buffers: shared hit=74
 Planning Time: 0.366 ms
 Execution Time: 1761.719 ms
(28 rows)

실행 시간: 1.912805409초
