SET
                                                                                                 QUERY PLAN                                                                                                  
-------------------------------------------------------------------------------------------------------------------------------------------------------------------------------------------------------------
 Finalize Aggregate  (cost=846746.06..846746.07 rows=1 width=24) (actual time=1780.565..1782.590 rows=1 loops=1)
   Output: count(*), sum((sqrt((abs(val))::double precision) + log(((val + 2))::double precision))), avg(atan2((val)::double precision, ((id % 100))::double precision))
   Buffers: shared hit=3136 read=218112
   ->  Gather  (cost=846745.83..846746.04 rows=2 width=48) (actual time=1780.437..1782.580 rows=3 loops=1)
         Output: (PARTIAL count(*)), (PARTIAL sum((sqrt((abs(val))::double precision) + log(((val + 2))::double precision)))), (PARTIAL avg(atan2((val)::double precision, ((id % 100))::double precision)))
         Workers Planned: 2
         Workers Launched: 2
         Buffers: shared hit=3136 read=218112
         ->  Partial Aggregate  (cost=845745.83..845745.84 rows=1 width=48) (actual time=1777.974..1777.975 rows=1 loops=3)
               Output: PARTIAL count(*), PARTIAL sum((sqrt((abs(val))::double precision) + log(((val + 2))::double precision))), PARTIAL avg(atan2((val)::double precision, ((id % 100))::double precision))
               Buffers: shared hit=3136 read=218112
               Worker 0:  actual time=1776.405..1776.406 rows=1 loops=1
                 Buffers: shared hit=996 read=70016
               Worker 1:  actual time=1777.351..1777.352 rows=1 loops=1
                 Buffers: shared hit=1061 read=73713
               ->  Parallel Seq Scan on public.t_huge  (cost=0.00..481657.98 rows=10402510 width=8) (actual time=0.040..864.379 rows=8333799 loops=3)
                     Output: id, val
                     Filter: (t_huge.val > 0)
                     Rows Removed by Filter: 8332867
                     Buffers: shared hit=3136 read=218112
                     Worker 0:  actual time=0.044..870.083 rows=8022882 loops=1
                       Buffers: shared hit=996 read=70016
                     Worker 1:  actual time=0.034..859.614 rows=8451921 loops=1
                       Buffers: shared hit=1061 read=73713
 Planning:
   Buffers: shared hit=74
 Planning Time: 0.390 ms
 Execution Time: 1782.655 ms
(28 rows)

실행 시간: 1.934042473초
