SET
                                                                                                 QUERY PLAN                                                                                                  
-------------------------------------------------------------------------------------------------------------------------------------------------------------------------------------------------------------
 Finalize Aggregate  (cost=846746.06..846746.07 rows=1 width=24) (actual time=1758.928..1760.981 rows=1 loops=1)
   Output: count(*), sum((sqrt((abs(val))::double precision) + log(((val + 2))::double precision))), avg(atan2((val)::double precision, ((id % 100))::double precision))
   Buffers: shared hit=3424 read=217824
   ->  Gather  (cost=846745.83..846746.04 rows=2 width=48) (actual time=1758.819..1760.973 rows=3 loops=1)
         Output: (PARTIAL count(*)), (PARTIAL sum((sqrt((abs(val))::double precision) + log(((val + 2))::double precision)))), (PARTIAL avg(atan2((val)::double precision, ((id % 100))::double precision)))
         Workers Planned: 2
         Workers Launched: 2
         Buffers: shared hit=3424 read=217824
         ->  Partial Aggregate  (cost=845745.83..845745.84 rows=1 width=48) (actual time=1756.454..1756.455 rows=1 loops=3)
               Output: PARTIAL count(*), PARTIAL sum((sqrt((abs(val))::double precision) + log(((val + 2))::double precision))), PARTIAL avg(atan2((val)::double precision, ((id % 100))::double precision))
               Buffers: shared hit=3424 read=217824
               Worker 0:  actual time=1754.955..1754.956 rows=1 loops=1
                 Buffers: shared hit=1212 read=72145
               Worker 1:  actual time=1755.860..1755.861 rows=1 loops=1
                 Buffers: shared hit=1018 read=72544
               ->  Parallel Seq Scan on public.t_huge  (cost=0.00..481657.98 rows=10402510 width=8) (actual time=0.039..854.228 rows=8333799 loops=3)
                     Output: id, val
                     Filter: (t_huge.val > 0)
                     Rows Removed by Filter: 8332867
                     Buffers: shared hit=3424 read=217824
                     Worker 0:  actual time=0.045..858.141 rows=8290147 loops=1
                       Buffers: shared hit=1212 read=72145
                     Worker 1:  actual time=0.032..852.420 rows=8311289 loops=1
                       Buffers: shared hit=1018 read=72544
 Planning:
   Buffers: shared hit=74
 Planning Time: 0.337 ms
 Execution Time: 1761.045 ms
(28 rows)

실행 시간: 1.933731415초
