SET
                                                                                                 QUERY PLAN                                                                                                  
-------------------------------------------------------------------------------------------------------------------------------------------------------------------------------------------------------------
 Finalize Aggregate  (cost=846746.06..846746.07 rows=1 width=24) (actual time=1764.677..1766.706 rows=1 loops=1)
   Output: count(*), sum((sqrt((abs(val))::double precision) + log(((val + 2))::double precision))), avg(atan2((val)::double precision, ((id % 100))::double precision))
   Buffers: shared hit=3520 read=217728
   ->  Gather  (cost=846745.83..846746.04 rows=2 width=48) (actual time=1764.565..1766.697 rows=3 loops=1)
         Output: (PARTIAL count(*)), (PARTIAL sum((sqrt((abs(val))::double precision) + log(((val + 2))::double precision)))), (PARTIAL avg(atan2((val)::double precision, ((id % 100))::double precision)))
         Workers Planned: 2
         Workers Launched: 2
         Buffers: shared hit=3520 read=217728
         ->  Partial Aggregate  (cost=845745.83..845745.84 rows=1 width=48) (actual time=1762.248..1762.249 rows=1 loops=3)
               Output: PARTIAL count(*), PARTIAL sum((sqrt((abs(val))::double precision) + log(((val + 2))::double precision))), PARTIAL avg(atan2((val)::double precision, ((id % 100))::double precision))
               Buffers: shared hit=3520 read=217728
               Worker 0:  actual time=1760.759..1760.761 rows=1 loops=1
                 Buffers: shared hit=1245 read=71921
               Worker 1:  actual time=1761.607..1761.608 rows=1 loops=1
                 Buffers: shared hit=1012 read=72623
               ->  Parallel Seq Scan on public.t_huge  (cost=0.00..481657.98 rows=10402510 width=8) (actual time=0.039..857.326 rows=8333799 loops=3)
                     Output: id, val
                     Filter: (t_huge.val > 0)
                     Rows Removed by Filter: 8332867
                     Buffers: shared hit=3520 read=217728
                     Worker 0:  actual time=0.040..860.906 rows=8270034 loops=1
                       Buffers: shared hit=1245 read=71921
                     Worker 1:  actual time=0.036..856.443 rows=8322031 loops=1
                       Buffers: shared hit=1012 read=72623
 Planning:
   Buffers: shared hit=74
 Planning Time: 0.348 ms
 Execution Time: 1766.767 ms
(28 rows)

실행 시간: 1.923705707초
