SET
                                                                                                 QUERY PLAN                                                                                                  
-------------------------------------------------------------------------------------------------------------------------------------------------------------------------------------------------------------
 Finalize Aggregate  (cost=846746.06..846746.07 rows=1 width=24) (actual time=1758.370..1760.698 rows=1 loops=1)
   Output: count(*), sum((sqrt((abs(val))::double precision) + log(((val + 2))::double precision))), avg(atan2((val)::double precision, ((id % 100))::double precision))
   Buffers: shared hit=3616 read=217632
   ->  Gather  (cost=846745.83..846746.04 rows=2 width=48) (actual time=1758.263..1760.690 rows=3 loops=1)
         Output: (PARTIAL count(*)), (PARTIAL sum((sqrt((abs(val))::double precision) + log(((val + 2))::double precision)))), (PARTIAL avg(atan2((val)::double precision, ((id % 100))::double precision)))
         Workers Planned: 2
         Workers Launched: 2
         Buffers: shared hit=3616 read=217632
         ->  Partial Aggregate  (cost=845745.83..845745.84 rows=1 width=48) (actual time=1755.990..1755.991 rows=1 loops=3)
               Output: PARTIAL count(*), PARTIAL sum((sqrt((abs(val))::double precision) + log(((val + 2))::double precision))), PARTIAL avg(atan2((val)::double precision, ((id % 100))::double precision))
               Buffers: shared hit=3616 read=217632
               Worker 0:  actual time=1754.513..1754.515 rows=1 loops=1
                 Buffers: shared hit=1132 read=71791
               Worker 1:  actual time=1755.404..1755.406 rows=1 loops=1
                 Buffers: shared hit=1105 read=72337
               ->  Parallel Seq Scan on public.t_huge  (cost=0.00..481657.98 rows=10402510 width=8) (actual time=0.039..853.156 rows=8333799 loops=3)
                     Output: id, val
                     Filter: (t_huge.val > 0)
                     Rows Removed by Filter: 8332867
                     Buffers: shared hit=3616 read=217632
                     Worker 0:  actual time=0.043..856.486 rows=8240700 loops=1
                       Buffers: shared hit=1132 read=71791
                     Worker 1:  actual time=0.034..853.840 rows=8297970 loops=1
                       Buffers: shared hit=1105 read=72337
 Planning:
   Buffers: shared hit=74
 Planning Time: 0.330 ms
 Execution Time: 1760.760 ms
(28 rows)

실행 시간: 1.933854318초
