SET
                                                                                                 QUERY PLAN                                                                                                  
-------------------------------------------------------------------------------------------------------------------------------------------------------------------------------------------------------------
 Finalize Aggregate  (cost=847402.31..847402.32 rows=1 width=24) (actual time=4131.368..4133.821 rows=1 loops=1)
   Output: count(*), sum((sqrt((abs(val))::double precision) + log(((val + 2))::double precision))), avg(atan2((val)::double precision, ((id % 100))::double precision))
   Buffers: shared hit=5536 read=215712
   ->  Gather  (cost=847402.08..847402.29 rows=2 width=48) (actual time=4131.282..4133.814 rows=3 loops=1)
         Output: (PARTIAL count(*)), (PARTIAL sum((sqrt((abs(val))::double precision) + log(((val + 2))::double precision)))), (PARTIAL avg(atan2((val)::double precision, ((id % 100))::double precision)))
         Workers Planned: 2
         Workers Launched: 2
         Buffers: shared hit=5536 read=215712
         ->  Partial Aggregate  (cost=846402.08..846402.09 rows=1 width=48) (actual time=4120.486..4120.487 rows=1 loops=3)
               Output: PARTIAL count(*), PARTIAL sum((sqrt((abs(val))::double precision) + log(((val + 2))::double precision))), PARTIAL avg(atan2((val)::double precision, ((id % 100))::double precision))
               Buffers: shared hit=5536 read=215712
               Worker 0:  actual time=4116.065..4116.066 rows=1 loops=1
                 Buffers: shared hit=1842 read=71963
               Worker 1:  actual time=4116.029..4116.029 rows=1 loops=1
                 Buffers: shared hit=1833 read=71833
               ->  Parallel Seq Scan on public.t_huge  (cost=0.00..481657.98 rows=10421260 width=8) (actual time=0.398..2870.244 rows=8332661 loops=3)
                     Output: id, val
                     Filter: (t_huge.val > 0)
                     Rows Removed by Filter: 8334006
                     Buffers: shared hit=5536 read=215712
                     Worker 0:  actual time=0.428..2874.720 rows=8339255 loops=1
                       Buffers: shared hit=1842 read=71963
                     Worker 1:  actual time=0.369..2857.453 rows=8323154 loops=1
                       Buffers: shared hit=1833 read=71833
 Planning:
   Buffers: shared hit=74
 Planning Time: 4.215 ms
 Execution Time: 4135.440 ms
(28 rows)

실행 시간: 4.678168634초
