SET
                                                                                                 QUERY PLAN                                                                                                  
-------------------------------------------------------------------------------------------------------------------------------------------------------------------------------------------------------------
 Finalize Aggregate  (cost=563599.90..563599.91 rows=1 width=24) (actual time=4812.765..4812.825 rows=1 loops=1)
   Output: count(*), sum((sqrt((abs(val))::double precision) + log(((val + 2))::double precision))), avg(atan2((val)::double precision, ((id % 100))::double precision))
   Buffers: shared hit=22
   ->  Gather  (cost=563599.67..563599.88 rows=2 width=48) (actual time=4812.754..4812.817 rows=3 loops=1)
         Output: (PARTIAL count(*)), (PARTIAL sum((sqrt((abs(val))::double precision) + log(((val + 2))::double precision)))), (PARTIAL avg(atan2((val)::double precision, ((id % 100))::double precision)))
         Workers Planned: 2
         Workers Launched: 2
         Buffers: shared hit=22
         ->  Partial Aggregate  (cost=562599.67..562599.68 rows=1 width=48) (actual time=4058.283..4058.284 rows=1 loops=3)
               Output: PARTIAL count(*), PARTIAL sum((sqrt((abs(val))::double precision) + log(((val + 2))::double precision))), PARTIAL avg(atan2((val)::double precision, ((id % 100))::double precision))
               Buffers: shared hit=22
               Worker 0:  actual time=3621.227..3621.229 rows=1 loops=1
                 Buffers: shared hit=13
               Worker 1:  actual time=3743.078..3743.080 rows=1 loops=1
                 Buffers: shared hit=4
               ->  Parallel Custom Scan (GpuScan) on public.t_huge  (cost=100.00..197855.57 rows=10421260 width=8) (actual time=1972.405..2761.866 rows=8332661 loops=3)
                     Output: val, id
                     GPU Projection: t_huge.val, t_huge.id
                     GPU Scan Quals: (t_huge.val > 0) [plan: 49998720 -> 10421260, exec: 50000000 -> 24997982]
                     Scan-Engine: VFS with GPU0; vfs=221239, ntuples=50000000
                     Buffers: shared hit=22
                     Worker 0:  actual time=2117.012..2913.233 rows=4786479 loops=1
                       Buffers: shared hit=13
                     Worker 1:  actual time=2121.088..2933.250 rows=5549014 loops=1
                       Buffers: shared hit=4
 Planning:
   Buffers: shared hit=330
 Planning Time: 5.453 ms
 Execution Time: 4814.091 ms
(29 rows)

실행 시간: 5.330286427초
