SET
                                                                                                 QUERY PLAN                                                                                                  
-------------------------------------------------------------------------------------------------------------------------------------------------------------------------------------------------------------
 Finalize Aggregate  (cost=563599.90..563599.91 rows=1 width=24) (actual time=4814.366..4814.425 rows=1 loops=1)
   Output: count(*), sum((sqrt((abs(val))::double precision) + log(((val + 2))::double precision))), avg(atan2((val)::double precision, ((id % 100))::double precision))
   Buffers: shared hit=22
   ->  Gather  (cost=563599.67..563599.88 rows=2 width=48) (actual time=4814.355..4814.417 rows=3 loops=1)
         Output: (PARTIAL count(*)), (PARTIAL sum((sqrt((abs(val))::double precision) + log(((val + 2))::double precision)))), (PARTIAL avg(atan2((val)::double precision, ((id % 100))::double precision)))
         Workers Planned: 2
         Workers Launched: 2
         Buffers: shared hit=22
         ->  Partial Aggregate  (cost=562599.67..562599.68 rows=1 width=48) (actual time=4084.294..4084.295 rows=1 loops=3)
               Output: PARTIAL count(*), PARTIAL sum((sqrt((abs(val))::double precision) + log(((val + 2))::double precision))), PARTIAL avg(atan2((val)::double precision, ((id % 100))::double precision))
               Buffers: shared hit=22
               Worker 0:  actual time=3800.931..3800.933 rows=1 loops=1
                 Buffers: shared hit=13
               Worker 1:  actual time=3640.148..3640.150 rows=1 loops=1
                 Buffers: shared hit=4
               ->  Parallel Custom Scan (GpuScan) on public.t_huge  (cost=100.00..197855.57 rows=10421260 width=8) (actual time=1976.229..2801.968 rows=8332661 loops=3)
                     Output: val, id
                     GPU Projection: t_huge.val, t_huge.id
                     GPU Scan Quals: (t_huge.val > 0) [plan: 49998720 -> 10421260, exec: 50000000 -> 24997982]
                     Scan-Engine: VFS with GPU0; vfs=221239, ntuples=50000000
                     Buffers: shared hit=22
                     Worker 0:  actual time=2096.958..3105.600 rows=4786479 loops=1
                       Buffers: shared hit=13
                     Worker 1:  actual time=2121.718..2829.147 rows=5549014 loops=1
                       Buffers: shared hit=4
 Planning:
   Buffers: shared hit=330
 Planning Time: 6.477 ms
 Execution Time: 4815.768 ms
(29 rows)

실행 시간: 5.386768536초
