SET
                                                                                                 QUERY PLAN                                                                                                  
-------------------------------------------------------------------------------------------------------------------------------------------------------------------------------------------------------------
 Finalize Aggregate  (cost=847402.31..847402.32 rows=1 width=24) (actual time=4127.637..4133.631 rows=1 loops=1)
   Output: count(*), sum((sqrt((abs(val))::double precision) + log(((val + 2))::double precision))), avg(atan2((val)::double precision, ((id % 100))::double precision))
   Buffers: shared hit=5824 read=215424
   ->  Gather  (cost=847402.08..847402.29 rows=2 width=48) (actual time=4127.547..4133.623 rows=3 loops=1)
         Output: (PARTIAL count(*)), (PARTIAL sum((sqrt((abs(val))::double precision) + log(((val + 2))::double precision)))), (PARTIAL avg(atan2((val)::double precision, ((id % 100))::double precision)))
         Workers Planned: 2
         Workers Launched: 2
         Buffers: shared hit=5824 read=215424
         ->  Partial Aggregate  (cost=846402.08..846402.09 rows=1 width=48) (actual time=4116.744..4116.745 rows=1 loops=3)
               Output: PARTIAL count(*), PARTIAL sum((sqrt((abs(val))::double precision) + log(((val + 2))::double precision))), PARTIAL avg(atan2((val)::double precision, ((id % 100))::double precision))
               Buffers: shared hit=5824 read=215424
               Worker 0:  actual time=4112.338..4112.339 rows=1 loops=1
                 Buffers: shared hit=1943 read=71884
               Worker 1:  actual time=4112.256..4112.257 rows=1 loops=1
                 Buffers: shared hit=1965 read=71803
               ->  Parallel Seq Scan on public.t_huge  (cost=0.00..481657.98 rows=10421260 width=8) (actual time=0.427..2870.998 rows=8332661 loops=3)
                     Output: id, val
                     Filter: (t_huge.val > 0)
                     Rows Removed by Filter: 8334006
                     Buffers: shared hit=5824 read=215424
                     Worker 0:  actual time=0.477..2866.156 rows=8346198 loops=1
                       Buffers: shared hit=1943 read=71884
                     Worker 1:  actual time=0.410..2871.331 rows=8330209 loops=1
                       Buffers: shared hit=1965 read=71803
 Planning:
   Buffers: shared hit=74
 Planning Time: 3.864 ms
 Execution Time: 4135.144 ms
(28 rows)

실행 시간: 4.675634274초
