SET
                                                                                                 QUERY PLAN                                                                                                  
-------------------------------------------------------------------------------------------------------------------------------------------------------------------------------------------------------------
 Finalize Aggregate  (cost=847402.31..847402.32 rows=1 width=24) (actual time=4257.624..4263.934 rows=1 loops=1)
   Output: count(*), sum((sqrt((abs(val))::double precision) + log(((val + 2))::double precision))), avg(atan2((val)::double precision, ((id % 100))::double precision))
   Buffers: shared hit=5440 read=215808
   ->  Gather  (cost=847402.08..847402.29 rows=2 width=48) (actual time=4257.553..4263.927 rows=3 loops=1)
         Output: (PARTIAL count(*)), (PARTIAL sum((sqrt((abs(val))::double precision) + log(((val + 2))::double precision)))), (PARTIAL avg(atan2((val)::double precision, ((id % 100))::double precision)))
         Workers Planned: 2
         Workers Launched: 2
         Buffers: shared hit=5440 read=215808
         ->  Partial Aggregate  (cost=846402.08..846402.09 rows=1 width=48) (actual time=4252.567..4252.567 rows=1 loops=3)
               Output: PARTIAL count(*), PARTIAL sum((sqrt((abs(val))::double precision) + log(((val + 2))::double precision))), PARTIAL avg(atan2((val)::double precision, ((id % 100))::double precision))
               Buffers: shared hit=5440 read=215808
               Worker 0:  actual time=4250.620..4250.620 rows=1 loops=1
                 Buffers: shared hit=1811 read=72012
               Worker 1:  actual time=4250.582..4250.583 rows=1 loops=1
                 Buffers: shared hit=1823 read=71803
               ->  Parallel Seq Scan on public.t_huge  (cost=0.00..481657.98 rows=10421260 width=8) (actual time=0.269..3018.273 rows=8332661 loops=3)
                     Output: id, val
                     Filter: (t_huge.val > 0)
                     Rows Removed by Filter: 8334006
                     Buffers: shared hit=5440 read=215808
                     Worker 0:  actual time=0.304..3007.651 rows=8340154 loops=1
                       Buffers: shared hit=1811 read=72012
                     Worker 1:  actual time=0.240..3026.709 rows=8318798 loops=1
                       Buffers: shared hit=1823 read=71803
 Planning:
   Buffers: shared hit=74
 Planning Time: 2.699 ms
 Execution Time: 4265.116 ms
(28 rows)

실행 시간: 4.819348320초
