SET
                                                                                                 QUERY PLAN                                                                                                  
-------------------------------------------------------------------------------------------------------------------------------------------------------------------------------------------------------------
 Finalize Aggregate  (cost=847402.31..847402.32 rows=1 width=24) (actual time=4125.405..4127.809 rows=1 loops=1)
   Output: count(*), sum((sqrt((abs(val))::double precision) + log(((val + 2))::double precision))), avg(atan2((val)::double precision, ((id % 100))::double precision))
   Buffers: shared hit=5728 read=215520
   ->  Gather  (cost=847402.08..847402.29 rows=2 width=48) (actual time=4125.319..4127.802 rows=3 loops=1)
         Output: (PARTIAL count(*)), (PARTIAL sum((sqrt((abs(val))::double precision) + log(((val + 2))::double precision)))), (PARTIAL avg(atan2((val)::double precision, ((id % 100))::double precision)))
         Workers Planned: 2
         Workers Launched: 2
         Buffers: shared hit=5728 read=215520
         ->  Partial Aggregate  (cost=846402.08..846402.09 rows=1 width=48) (actual time=4120.847..4120.847 rows=1 loops=3)
               Output: PARTIAL count(*), PARTIAL sum((sqrt((abs(val))::double precision) + log(((val + 2))::double precision))), PARTIAL avg(atan2((val)::double precision, ((id % 100))::double precision))
               Buffers: shared hit=5728 read=215520
               Worker 0:  actual time=4119.087..4119.087 rows=1 loops=1
                 Buffers: shared hit=1949 read=71596
               Worker 1:  actual time=4119.105..4119.106 rows=1 loops=1
                 Buffers: shared hit=1887 read=71897
               ->  Parallel Seq Scan on public.t_huge  (cost=0.00..481657.98 rows=10421260 width=8) (actual time=0.257..2885.172 rows=8332661 loops=3)
                     Output: id, val
                     Filter: (t_huge.val > 0)
                     Rows Removed by Filter: 8334006
                     Buffers: shared hit=5728 read=215520
                     Worker 0:  actual time=0.240..2884.323 rows=8309678 loops=1
                       Buffers: shared hit=1949 read=71596
                     Worker 1:  actual time=0.288..2893.196 rows=8337101 loops=1
                       Buffers: shared hit=1887 read=71897
 Planning:
   Buffers: shared hit=74
 Planning Time: 2.653 ms
 Execution Time: 4128.973 ms
(28 rows)

실행 시간: 4.686699452초
